0 info it worked if it ends with ok
1 verbose cli [ '/usr/local/bin/node',
1 verbose cli   '/usr/local/bin/npm',
1 verbose cli   'run',
1 verbose cli   'storybook',
1 verbose cli   '-c',
1 verbose cli   'storybook' ]
2 info using npm@2.15.9
3 info using node@v4.6.1
4 verbose run-script [ 'prestorybook', 'storybook', 'poststorybook' ]
5 info prestorybook legal-ease@0.0.1
6 info storybook legal-ease@0.0.1
7 verbose unsafe-perm in lifecycle true
8 info legal-ease@0.0.1 Failed to exec storybook script
9 verbose stack Error: legal-ease@0.0.1 storybook: `start-storybook -p 9001 -s ./public "storybook"`
9 verbose stack Exit status 1
9 verbose stack     at EventEmitter.<anonymous> (/usr/local/lib/node_modules/npm/lib/utils/lifecycle.js:217:16)
9 verbose stack     at emitTwo (events.js:87:13)
9 verbose stack     at EventEmitter.emit (events.js:172:7)
9 verbose stack     at ChildProcess.<anonymous> (/usr/local/lib/node_modules/npm/lib/utils/spawn.js:24:14)
9 verbose stack     at emitTwo (events.js:87:13)
9 verbose stack     at ChildProcess.emit (events.js:172:7)
9 verbose stack     at maybeClose (internal/child_process.js:829:16)
9 verbose stack     at Process.ChildProcess._handle.onexit (internal/child_process.js:211:5)
10 verbose pkgid legal-ease@0.0.1
11 verbose cwd /opt/app
12 error Linux 4.9.4-moby
13 error argv "/usr/local/bin/node" "/usr/local/bin/npm" "run" "storybook" "-c" "storybook"
14 error node v4.6.1
15 error npm  v2.15.9
16 error code ELIFECYCLE
17 error legal-ease@0.0.1 storybook: `start-storybook -p 9001 -s ./public "storybook"`
17 error Exit status 1
18 error Failed at the legal-ease@0.0.1 storybook script 'start-storybook -p 9001 -s ./public "storybook"'.
18 error This is most likely a problem with the legal-ease package,
18 error not with npm itself.
18 error Tell the author that this fails on your system:
18 error     start-storybook -p 9001 -s ./public "storybook"
18 error You can get information on how to open an issue for this project with:
18 error     npm bugs legal-ease
18 error Or if that isn't available, you can get their info via:
18 error
18 error     npm owner ls legal-ease
18 error There is likely additional logging output above.
19 verbose exit [ 1, true ]
