Mar 01, 2016 12:26:25 AM org.apache.catalina.core.ApplicationContext log
INFO: SessionListener: contextDestroyed()
Mar 01, 2016 12:26:25 AM org.apache.catalina.core.ApplicationContext log
INFO: ContextListener: contextDestroyed()
Mar 01, 2016 12:34:21 AM org.apache.catalina.core.ApplicationContext log
INFO: ContextListener: contextInitialized()
Mar 01, 2016 12:34:22 AM org.apache.catalina.core.ApplicationContext log
INFO: SessionListener: contextInitialized()
Mar 01, 2016 12:34:22 AM org.apache.catalina.core.ApplicationContext log
INFO: ContextListener: attributeAdded('org.apache.jasper.compiler.TldLocationsCache', 'org.apache.jasper.compiler.TldLocationsCache@5697a95a')
Mar 01, 2016 12:57:35 AM org.apache.catalina.core.ApplicationContext log
INFO: SessionListener: contextDestroyed()
Mar 01, 2016 12:57:35 AM org.apache.catalina.core.ApplicationContext log
INFO: ContextListener: contextDestroyed()
Mar 01, 2016 12:57:39 AM org.apache.catalina.core.ApplicationContext log
INFO: ContextListener: contextInitialized()
Mar 01, 2016 12:57:39 AM org.apache.catalina.core.ApplicationContext log
INFO: SessionListener: contextInitialized()
Mar 01, 2016 12:57:39 AM org.apache.catalina.core.ApplicationContext log
INFO: ContextListener: attributeAdded('org.apache.jasper.compiler.TldLocationsCache', 'org.apache.jasper.compiler.TldLocationsCache@753db4a3')
Mar 01, 2016 1:03:34 AM org.apache.catalina.core.ApplicationContext log
INFO: SessionListener: contextDestroyed()
Mar 01, 2016 1:03:34 AM org.apache.catalina.core.ApplicationContext log
INFO: ContextListener: contextDestroyed()
Mar 01, 2016 1:03:38 AM org.apache.catalina.core.ApplicationContext log
INFO: ContextListener: contextInitialized()
Mar 01, 2016 1:03:38 AM org.apache.catalina.core.ApplicationContext log
INFO: SessionListener: contextInitialized()
Mar 01, 2016 1:03:38 AM org.apache.catalina.core.ApplicationContext log
INFO: ContextListener: attributeAdded('org.apache.jasper.compiler.TldLocationsCache', 'org.apache.jasper.compiler.TldLocationsCache@44a0cbb9')
Mar 01, 2016 1:06:19 AM org.apache.catalina.core.ApplicationContext log
INFO: SessionListener: contextDestroyed()
Mar 01, 2016 1:06:19 AM org.apache.catalina.core.ApplicationContext log
INFO: ContextListener: contextDestroyed()
Mar 01, 2016 10:41:19 AM org.apache.catalina.core.ApplicationContext log
INFO: ContextListener: contextInitialized()
Mar 01, 2016 10:41:19 AM org.apache.catalina.core.ApplicationContext log
INFO: SessionListener: contextInitialized()
Mar 01, 2016 10:41:19 AM org.apache.catalina.core.ApplicationContext log
INFO: ContextListener: attributeAdded('org.apache.jasper.compiler.TldLocationsCache', 'org.apache.jasper.compiler.TldLocationsCache@672aba09')
Mar 01, 2016 10:44:34 AM org.apache.catalina.core.ApplicationContext log
INFO: SessionListener: contextDestroyed()
Mar 01, 2016 10:44:34 AM org.apache.catalina.core.ApplicationContext log
INFO: ContextListener: contextDestroyed()
Mar 01, 2016 10:44:38 AM org.apache.catalina.core.ApplicationContext log
INFO: ContextListener: contextInitialized()
Mar 01, 2016 10:44:38 AM org.apache.catalina.core.ApplicationContext log
INFO: SessionListener: contextInitialized()
Mar 01, 2016 10:44:39 AM org.apache.catalina.core.ApplicationContext log
INFO: ContextListener: attributeAdded('org.apache.jasper.compiler.TldLocationsCache', 'org.apache.jasper.compiler.TldLocationsCache@7e82c418')
Mar 01, 2016 10:51:07 AM org.apache.catalina.core.ApplicationContext log
INFO: SessionListener: contextDestroyed()
Mar 01, 2016 10:51:07 AM org.apache.catalina.core.ApplicationContext log
INFO: ContextListener: contextDestroyed()
Mar 01, 2016 10:51:11 AM org.apache.catalina.core.ApplicationContext log
INFO: ContextListener: contextInitialized()
Mar 01, 2016 10:51:11 AM org.apache.catalina.core.ApplicationContext log
INFO: SessionListener: contextInitialized()
Mar 01, 2016 10:51:11 AM org.apache.catalina.core.ApplicationContext log
INFO: ContextListener: attributeAdded('org.apache.jasper.compiler.TldLocationsCache', 'org.apache.jasper.compiler.TldLocationsCache@753db4a3')
Mar 01, 2016 11:40:28 AM org.apache.catalina.core.ApplicationContext log
INFO: SessionListener: contextDestroyed()
Mar 01, 2016 11:40:28 AM org.apache.catalina.core.ApplicationContext log
INFO: ContextListener: contextDestroyed()
Mar 01, 2016 12:34:20 PM org.apache.catalina.core.ApplicationContext log
INFO: ContextListener: contextInitialized()
Mar 01, 2016 12:34:20 PM org.apache.catalina.core.ApplicationContext log
INFO: SessionListener: contextInitialized()
Mar 01, 2016 12:34:20 PM org.apache.catalina.core.ApplicationContext log
INFO: ContextListener: attributeAdded('org.apache.jasper.compiler.TldLocationsCache', 'org.apache.jasper.compiler.TldLocationsCache@672aba09')
Mar 01, 2016 1:15:06 PM org.apache.catalina.core.ApplicationContext log
INFO: SessionListener: contextDestroyed()
Mar 01, 2016 1:15:06 PM org.apache.catalina.core.ApplicationContext log
INFO: ContextListener: contextDestroyed()
